Build started 23/11/2013 23:56:06.
     1>Project "E:\PhD\VisualStudio_profile\Filter\Filter\Filter.vcxproj" on node 2 (Build target(s)).
     1>ClCompile:
         C:\Program Files (x86)\Microsoft Visual Studio 12.0\VC\bin\CL.exe /c /ZI /nologo /W3 /WX- /sdl /Od /Oy- /D WIN32 /D _DEBUG /D _CONSOLE /D _LIB /D _UNICODE /D UNICODE /Gm /EHsc /RTC1 /MDd /GS /fp:precise /Zc:wchar_t /Zc:forScope /Fo"Debug\\" /Fd"Debug\vc120.pdb" /Gd /TP /analyze- /errorReport:prompt Find.cpp main.cpp
         main.cpp
     1>e:\phd\visualstudio_profile\filter\filter\main.cpp(10): fatal error C1083: Cannot open include file: 'libscat.h': No such file or directory
         Find.cpp
         Generating Code...
     1>Done Building Project "E:\PhD\VisualStudio_profile\Filter\Filter\Filter.vcxproj" (Build target(s)) -- FAILED.

Build FAILED.

Time Elapsed 00:00:02.59
